[05-06-2024 12:18:16.273 ERROR commons.BaseTest] - Register - Step 01: Verify Register Link is Displayed
[05-06-2024 12:18:16.319 INFO commons.BaseTest] - ---------------------- Failed -----------------------
[05-06-2024 12:18:16.319 ERROR commons.BaseTest] - Register - Step 02: Click to Register Link
[05-06-2024 12:18:17.227 INFO commons.BaseTest] - Register - Step 06: Enter to FirstName text with value is Automation
[05-06-2024 12:18:17.278 INFO commons.BaseTest] - Register - Step 07: Enter to LastName text with value is FC
[05-06-2024 12:18:17.300 INFO commons.BaseTest] - Register - Step 08: Enter to Email Address text with value is automation7073@gmail.com
[05-06-2024 12:18:17.326 INFO commons.BaseTest] - Register - Step 09: Enter to Password text with value is 123456
[05-06-2024 12:18:17.351 INFO commons.BaseTest] - Register - Step 10: Enter to Password text with value is 123456
[05-06-2024 12:18:17.373 INFO commons.BaseTest] - Register - Step 11: Verify Register Button is Displayed 
[05-06-2024 12:18:17.392 INFO commons.BaseTest] - ---------------------- Failed -----------------------
[05-06-2024 12:18:17.392 INFO commons.BaseTest] - Register - Step 12: Click to Register Button
[05-06-2024 12:18:18.061 INFO commons.BaseTest] - Register - Step 13: Verify success message is displayed
[05-06-2024 12:18:18.076 INFO commons.BaseTest] - ---------------------- Passed -----------------------
[05-06-2024 12:51:04.505 ERROR commons.BaseTest] - Register - Step 01: Verify Register Link is Displayed
[05-06-2024 12:51:04.559 INFO commons.BaseTest] - ---------------------- Failed -----------------------
[05-06-2024 12:51:04.559 ERROR commons.BaseTest] - Register - Step 02: Click to Register Link
[05-06-2024 12:51:05.403 INFO commons.BaseTest] - Register - Step 06: Enter to FirstName text with value is Automation
[05-06-2024 12:51:05.449 INFO commons.BaseTest] - Register - Step 07: Enter to LastName text with value is FC
[05-06-2024 12:51:05.476 INFO commons.BaseTest] - Register - Step 08: Enter to Email Address text with value is automation4814@gmail.com
[05-06-2024 12:51:05.503 INFO commons.BaseTest] - Register - Step 09: Enter to Password text with value is 123456
[05-06-2024 12:51:05.551 INFO commons.BaseTest] - Register - Step 10: Enter to Password text with value is 123456
[05-06-2024 12:51:05.575 INFO commons.BaseTest] - Register - Step 11: Verify Register Button is Displayed 
[05-06-2024 12:51:05.592 INFO commons.BaseTest] - ---------------------- Failed -----------------------
[05-06-2024 12:51:05.593 INFO commons.BaseTest] - Register - Step 12: Click to Register Button
[05-06-2024 12:51:06.144 INFO commons.BaseTest] - Register - Step 13: Verify success message is displayed
[05-06-2024 12:51:06.180 INFO commons.BaseTest] - ---------------------- Passed -----------------------
[06-06-2024 08:57:27.369 ERROR commons.BaseTest] - Register - Step 01: Verify Register Link is Displayed
[06-06-2024 08:57:27.430 INFO commons.BaseTest] - ---------------------- Failed -----------------------
[06-06-2024 08:57:27.430 ERROR commons.BaseTest] - Register - Step 02: Click to Register Link
[06-06-2024 08:57:28.327 INFO commons.BaseTest] - Register - Step 06: Enter to FirstName text with value is Automation
[06-06-2024 08:57:28.380 INFO commons.BaseTest] - Register - Step 07: Enter to LastName text with value is FC
[06-06-2024 08:57:28.408 INFO commons.BaseTest] - Register - Step 08: Enter to Email Address text with value is automation6448@gmail.com
[06-06-2024 08:57:28.436 INFO commons.BaseTest] - Register - Step 09: Enter to Password text with value is 123456
[06-06-2024 08:57:28.479 INFO commons.BaseTest] - Register - Step 10: Enter to Password text with value is 123456
[06-06-2024 08:57:28.503 INFO commons.BaseTest] - Register - Step 11: Verify Register Button is Displayed 
[06-06-2024 08:57:28.523 INFO commons.BaseTest] - ---------------------- Failed -----------------------
[06-06-2024 08:57:28.523 INFO commons.BaseTest] - Register - Step 12: Click to Register Button
[06-06-2024 08:57:29.085 INFO commons.BaseTest] - Register - Step 13: Verify success message is displayed
[06-06-2024 08:57:29.120 INFO commons.BaseTest] - ---------------------- Passed -----------------------
[06-06-2024 08:59:23.019 ERROR commons.BaseTest] - Register - Step 01: Verify Register Link is Displayed
[06-06-2024 08:59:23.074 INFO commons.BaseTest] - ---------------------- Failed -----------------------
[06-06-2024 08:59:23.074 ERROR commons.BaseTest] - Register - Step 02: Click to Register Link
[06-06-2024 08:59:24.043 INFO commons.BaseTest] - Register - Step 06: Enter to FirstName text with value is Automation
[06-06-2024 08:59:24.095 INFO commons.BaseTest] - Register - Step 07: Enter to LastName text with value is FC
[06-06-2024 08:59:24.123 INFO commons.BaseTest] - Register - Step 08: Enter to Email Address text with value is automation5203@gmail.com
[06-06-2024 08:59:24.173 INFO commons.BaseTest] - Register - Step 09: Enter to Password text with value is 123456
[06-06-2024 08:59:24.198 INFO commons.BaseTest] - Register - Step 10: Enter to Password text with value is 123456
[06-06-2024 08:59:24.224 INFO commons.BaseTest] - Register - Step 11: Verify Register Button is Displayed 
[06-06-2024 08:59:24.243 INFO commons.BaseTest] - ---------------------- Failed -----------------------
[06-06-2024 08:59:24.243 INFO commons.BaseTest] - Register - Step 12: Click to Register Button
[06-06-2024 08:59:24.924 INFO commons.BaseTest] - Register - Step 13: Verify success message is displayed
[06-06-2024 08:59:24.956 INFO commons.BaseTest] - ---------------------- Passed -----------------------
[06-06-2024 08:59:51.309 INFO commons.BaseTest] - test
[06-06-2024 08:59:51.311 INFO commons.BaseTest] - test
[06-06-2024 08:59:51.311 ERROR commons.BaseTest] - Register - Step 01: Verify Register Link is Displayed
[06-06-2024 08:59:51.360 INFO commons.BaseTest] - ---------------------- Failed -----------------------
[06-06-2024 08:59:51.360 ERROR commons.BaseTest] - Register - Step 02: Click to Register Link
[06-06-2024 08:59:52.355 INFO commons.BaseTest] - Register - Step 06: Enter to FirstName text with value is Automation
[06-06-2024 08:59:52.406 INFO commons.BaseTest] - Register - Step 07: Enter to LastName text with value is FC
[06-06-2024 08:59:52.435 INFO commons.BaseTest] - Register - Step 08: Enter to Email Address text with value is automation799@gmail.com
[06-06-2024 08:59:52.463 INFO commons.BaseTest] - Register - Step 09: Enter to Password text with value is 123456
[06-06-2024 08:59:52.485 INFO commons.BaseTest] - Register - Step 10: Enter to Password text with value is 123456
[06-06-2024 08:59:52.534 INFO commons.BaseTest] - Register - Step 11: Verify Register Button is Displayed 
[06-06-2024 08:59:52.554 INFO commons.BaseTest] - ---------------------- Failed -----------------------
[06-06-2024 08:59:52.554 INFO commons.BaseTest] - Register - Step 12: Click to Register Button
[06-06-2024 08:59:53.156 INFO commons.BaseTest] - Register - Step 13: Verify success message is displayed
[06-06-2024 08:59:53.188 INFO commons.BaseTest] - ---------------------- Passed -----------------------
[06-06-2024 08:59:53.191 INFO commons.BaseTest] - test
[06-06-2024 08:59:53.191 INFO commons.BaseTest] - test
[06-06-2024 08:59:53.191 ERROR commons.BaseTest] - Register - Step 01: Verify Register Link is Displayed
[06-06-2024 09:00:10.643 INFO commons.BaseTest] - ---------------------- Passed -----------------------
[06-06-2024 09:00:10.643 ERROR commons.BaseTest] - Register - Step 02: Click to Register Link
[06-06-2024 09:00:10.976 INFO commons.BaseTest] - Register - Step 06: Enter to FirstName text with value is Automation
[06-06-2024 09:00:11.028 INFO commons.BaseTest] - Register - Step 07: Enter to LastName text with value is FC
[06-06-2024 09:00:11.058 INFO commons.BaseTest] - Register - Step 08: Enter to Email Address text with value is automation799@gmail.com
[06-06-2024 09:00:11.083 INFO commons.BaseTest] - Register - Step 09: Enter to Password text with value is 123456
[06-06-2024 09:00:11.107 INFO commons.BaseTest] - Register - Step 10: Enter to Password text with value is 123456
[06-06-2024 09:00:11.129 INFO commons.BaseTest] - Register - Step 11: Verify Register Button is Displayed 
[06-06-2024 09:00:11.148 INFO commons.BaseTest] - ---------------------- Failed -----------------------
[06-06-2024 09:00:11.148 INFO commons.BaseTest] - Register - Step 12: Click to Register Button
[06-06-2024 09:00:11.480 INFO commons.BaseTest] - Register - Step 13: Verify success message is displayed
[06-06-2024 10:02:48.755 INFO commons.BaseTest] - test
[06-06-2024 10:02:48.757 INFO commons.BaseTest] - test
[06-06-2024 10:02:48.757 ERROR commons.BaseTest] - Register - Step 01: Verify Register Link is Displayed
[06-06-2024 10:02:48.809 INFO commons.BaseTest] - ---------------------- Failed -----------------------
[06-06-2024 10:02:48.809 ERROR commons.BaseTest] - Register - Step 02: Click to Register Link
[06-06-2024 10:02:49.778 INFO commons.BaseTest] - Register - Step 06: Enter to FirstName text with value is Automation
[06-06-2024 10:02:49.824 INFO commons.BaseTest] - Register - Step 07: Enter to LastName text with value is FC
[06-06-2024 10:02:49.856 INFO commons.BaseTest] - Register - Step 08: Enter to Email Address text with value is automation9373@gmail.com
[06-06-2024 10:02:49.888 INFO commons.BaseTest] - Register - Step 09: Enter to Password text with value is 123456
[06-06-2024 10:02:49.912 INFO commons.BaseTest] - Register - Step 10: Enter to Password text with value is 123456
[06-06-2024 10:02:49.933 INFO commons.BaseTest] - Register - Step 11: Verify Register Button is Displayed 
[06-06-2024 10:02:49.949 INFO commons.BaseTest] - ---------------------- Failed -----------------------
[06-06-2024 10:02:49.949 INFO commons.BaseTest] - Register - Step 12: Click to Register Button
[06-06-2024 10:02:50.569 INFO commons.BaseTest] - Register - Step 13: Verify success message is displayed
[06-06-2024 10:02:50.591 INFO commons.BaseTest] - ---------------------- Passed -----------------------
[06-06-2024 10:02:50.632 INFO commons.BaseTest] - test
[06-06-2024 10:02:50.632 INFO commons.BaseTest] - test
[06-06-2024 10:02:50.632 ERROR commons.BaseTest] - Register - Step 01: Verify Register Link is Displayed
[06-06-2024 10:02:56.317 INFO commons.BaseTest] - ---------------------- Passed -----------------------
[06-06-2024 10:02:56.317 ERROR commons.BaseTest] - Register - Step 02: Click to Register Link
[06-06-2024 10:02:56.635 INFO commons.BaseTest] - Register - Step 06: Enter to FirstName text with value is Automation
[06-06-2024 10:02:56.696 INFO commons.BaseTest] - Register - Step 07: Enter to LastName text with value is FC
[06-06-2024 10:02:56.725 INFO commons.BaseTest] - Register - Step 08: Enter to Email Address text with value is automation9373@gmail.com
[06-06-2024 10:02:56.754 INFO commons.BaseTest] - Register - Step 09: Enter to Password text with value is 123456
[06-06-2024 10:02:56.779 INFO commons.BaseTest] - Register - Step 10: Enter to Password text with value is 123456
[06-06-2024 10:02:56.801 INFO commons.BaseTest] - Register - Step 11: Verify Register Button is Displayed 
[06-06-2024 10:02:56.820 INFO commons.BaseTest] - ---------------------- Failed -----------------------
[06-06-2024 10:02:56.821 INFO commons.BaseTest] - Register - Step 12: Click to Register Button
[06-06-2024 10:02:57.174 INFO commons.BaseTest] - Register - Step 13: Verify success message is displayed
[06-06-2024 10:03:07.185 INFO commons.BaseTest] - ---------------------- Failed -----------------------
[06-06-2024 10:05:13.696 INFO commons.BaseTest] - test
[06-06-2024 10:05:13.697 INFO commons.BaseTest] - test
[06-06-2024 10:05:13.697 ERROR commons.BaseTest] - Register - Step 01: Verify Register Link is Displayed
[06-06-2024 10:05:13.749 INFO commons.BaseTest] - ---------------------- Failed -----------------------
[06-06-2024 10:05:13.749 ERROR commons.BaseTest] - Register - Step 02: Click to Register Link
[06-06-2024 10:05:14.651 INFO commons.BaseTest] - Register - Step 06: Enter to FirstName text with value is Automation
[06-06-2024 10:05:14.698 INFO commons.BaseTest] - Register - Step 07: Enter to LastName text with value is FC
[06-06-2024 10:05:14.727 INFO commons.BaseTest] - Register - Step 08: Enter to Email Address text with value is automation5551@gmail.com
[06-06-2024 10:05:14.776 INFO commons.BaseTest] - Register - Step 09: Enter to Password text with value is 123456
[06-06-2024 10:05:14.799 INFO commons.BaseTest] - Register - Step 10: Enter to Password text with value is 123456
[06-06-2024 10:05:14.824 INFO commons.BaseTest] - Register - Step 11: Verify Register Button is Displayed 
[06-06-2024 10:05:14.842 INFO commons.BaseTest] - ---------------------- Failed -----------------------
[06-06-2024 10:05:14.842 INFO commons.BaseTest] - Register - Step 12: Click to Register Button
[06-06-2024 10:05:15.461 INFO commons.BaseTest] - Register - Step 13: Verify success message is displayed
[06-06-2024 10:05:15.502 INFO commons.BaseTest] - ---------------------- Passed -----------------------
[06-06-2024 10:05:15.549 INFO commons.BaseTest] - Register - Step 08: Enter to Email Address text with value is automation5551@gmail.com
[06-06-2024 10:08:11.987 ERROR commons.BaseTest] - Register - Step 01: Verify Register Link is Displayed
[06-06-2024 10:08:12.038 INFO commons.BaseTest] - ---------------------- Failed -----------------------
[06-06-2024 10:08:12.039 ERROR commons.BaseTest] - Register - Step 02: Click to Register Link
[06-06-2024 10:08:13.322 INFO commons.BaseTest] - Register - Step 06: Enter to FirstName text with value is Automation
[06-06-2024 10:08:13.372 INFO commons.BaseTest] - Register - Step 07: Enter to LastName text with value is FC
[06-06-2024 10:08:13.426 INFO commons.BaseTest] - Register - Step 08: Enter to Email Address text with value is automation4410@gmail.com
[06-06-2024 10:08:13.452 INFO commons.BaseTest] - Register - Step 09: Enter to Password text with value is 123456
[06-06-2024 10:08:13.476 INFO commons.BaseTest] - Register - Step 10: Enter to Password text with value is 123456
[06-06-2024 10:08:13.499 INFO commons.BaseTest] - Register - Step 11: Verify Register Button is Displayed 
[06-06-2024 10:08:13.516 INFO commons.BaseTest] - ---------------------- Failed -----------------------
[06-06-2024 10:08:13.516 INFO commons.BaseTest] - Register - Step 12: Click to Register Button
[06-06-2024 10:08:14.456 INFO commons.BaseTest] - Register - Step 13: Verify success message is displayed
[06-06-2024 10:08:14.473 INFO commons.BaseTest] - ---------------------- Failed -----------------------
[06-06-2024 10:10:04.328 ERROR commons.BaseTest] - Register - Step 01: Verify Register Link is Displayed
[06-06-2024 10:10:04.373 INFO commons.BaseTest] - ---------------------- Failed -----------------------
[06-06-2024 10:10:04.373 ERROR commons.BaseTest] - Register - Step 02: Click to Register Link
[06-06-2024 10:10:05.238 INFO commons.BaseTest] - Register - Step 06: Enter to FirstName text with value is Automation
[06-06-2024 10:10:05.287 INFO commons.BaseTest] - Register - Step 07: Enter to LastName text with value is FC
[06-06-2024 10:10:05.336 INFO commons.BaseTest] - Register - Step 08: Enter to Email Address text with value is automation4860@gmail.com
[06-06-2024 10:10:05.362 INFO commons.BaseTest] - Register - Step 09: Enter to Password text with value is 123456
[06-06-2024 10:10:05.407 INFO commons.BaseTest] - Register - Step 10: Enter to Password text with value is 123456
[06-06-2024 10:10:05.430 INFO commons.BaseTest] - Register - Step 12: Click to Register Button
[06-06-2024 10:10:06.002 INFO commons.BaseTest] - Register - Step 13: Verify success message is displayed
[06-06-2024 10:10:06.035 INFO commons.BaseTest] - ---------------------- Passed -----------------------
[06-06-2024 20:48:47.119 ERROR commons.BaseTest] - Register - Step 01: Verify Register Link is Displayed
[06-06-2024 20:48:47.170 INFO commons.BaseTest] - ---------------------- Failed -----------------------
[06-06-2024 20:48:47.171 ERROR commons.BaseTest] - Register - Step 02: Click to Register Link
[06-06-2024 20:48:48.348 INFO commons.BaseTest] - Register - Step 06: Enter to FirstName text with value is Automation
[06-06-2024 20:48:48.395 INFO commons.BaseTest] - Register - Step 07: Enter to LastName text with value is FC
[06-06-2024 20:48:48.427 INFO commons.BaseTest] - Register - Step 08: Enter to Email Address text with value is automation6170@gmail.com
[06-06-2024 20:48:48.477 INFO commons.BaseTest] - Register - Step 09: Enter to Password text with value is 123456
[06-06-2024 20:48:48.503 INFO commons.BaseTest] - Register - Step 10: Enter to Password text with value is 123456
[06-06-2024 20:48:48.523 INFO commons.BaseTest] - Register - Step 12: Click to Register Button
[06-06-2024 20:48:49.458 INFO commons.BaseTest] - Register - Step 13: Verify success message is displayed
[06-06-2024 20:48:49.492 INFO commons.BaseTest] - ---------------------- Passed -----------------------
[06-06-2024 20:52:41.318 ERROR commons.BaseTest] - Register - Step 01: Verify Register Link is Displayed
[06-06-2024 20:52:41.365 INFO commons.BaseTest] - Register - Step 08: Enter to Email Address text with value is automation8769@gmail.com
[06-06-2024 20:54:53.190 ERROR commons.BaseTest] - Register - Step 01: Verify Register Link is Displayed
[06-06-2024 20:54:53.268 ERROR commons.BaseTest] - Register - Step 01: Click to Register Link
[06-06-2024 20:54:54.170 INFO commons.BaseTest] - Register - Step 02: Enter to Email Address text with value is automation4537@gmail.com
[06-06-2024 20:54:54.240 INFO commons.BaseTest] - Register - Step 03: Enter to Password text with value is 123456
[06-06-2024 20:54:54.268 INFO commons.BaseTest] - Register - Step 04: Enter to Password text with value is 123456
[06-06-2024 20:54:54.292 INFO commons.BaseTest] - Register - Step 05: Click to Register Button
[06-06-2024 20:54:54.525 INFO commons.BaseTest] - Register - Step 06: Verify success message is displayed
[06-06-2024 20:59:22.833 ERROR commons.BaseTest] - Register - Step 01: Verify Register Link is Displayed
[06-06-2024 20:59:22.887 ERROR commons.BaseTest] - Register - Step 01: Click to Register Link
[06-06-2024 20:59:23.768 INFO commons.BaseTest] - Register - Step 03: Enter to FirstName text with value is Automation
[06-06-2024 20:59:23.822 INFO commons.BaseTest] - Register - Step 04: Enter to LastName text with value is FC
[06-06-2024 20:59:23.848 INFO commons.BaseTest] - Register - Step 02: Enter to Email Address text with value is automation1987@gmail.com
[06-06-2024 20:59:23.873 INFO commons.BaseTest] - Register - Step 03: Enter to Password text with value is 123456
[06-06-2024 20:59:23.923 INFO commons.BaseTest] - Register - Step 04: Enter to Password text with value is 123456
[06-06-2024 20:59:23.949 INFO commons.BaseTest] - Register - Step 05: Click to Register Button
[06-06-2024 20:59:24.502 INFO commons.BaseTest] - Register - Step 06: Verify success message is displayed
[09-06-2024 15:52:10.114 INFO commons.BaseTest] - Step 01 - Click to Create new account button
[09-06-2024 15:52:10.383 INFO commons.BaseTest] - Step 02 - Verify FirstName textbox is Displayed
[09-06-2024 15:52:10.792 INFO commons.BaseTest] - Step 03 - Verify Surname textbox is Displayed
[09-06-2024 15:52:10.812 INFO commons.BaseTest] - Step 04 - Verify Email textbox is Displayed
[09-06-2024 15:52:10.834 INFO commons.BaseTest] - Step 05 - Enter Email textbox with valueautomation7356@gmail.com
[09-06-2024 15:52:10.873 INFO commons.BaseTest] - Step 06 - Verify Confirm email textbox is Displayed
[09-06-2024 15:52:10.892 INFO commons.BaseTest] - Step 07 - Verify Password textbox is Displayed
[09-06-2024 15:52:10.917 INFO commons.BaseTest] - Step 01 - Clear data Email textbox with value
[09-06-2024 15:52:10.954 INFO commons.BaseTest] - Step 02 - Verify Confirm email textbox is Displayed
[09-06-2024 15:52:10.977 INFO commons.BaseTest] - Step 01 - Click to Already have an account link
[09-06-2024 16:01:33.535 INFO commons.BaseTest] - Step 01 - Click to Create new account button
[09-06-2024 16:01:34.358 INFO commons.BaseTest] - Step 02 - Verify FirstName textbox is Displayed
[09-06-2024 16:01:34.381 INFO commons.BaseTest] - Step 03 - Verify Surname textbox is Displayed
[09-06-2024 16:01:34.402 INFO commons.BaseTest] - Step 04 - Verify Email textbox is Displayed
[09-06-2024 16:01:34.419 INFO commons.BaseTest] - Step 05 - Enter Email textbox with valueautomation8690@gmail.com
[09-06-2024 16:01:34.475 INFO commons.BaseTest] - Step 06 - Verify Confirm email textbox is Displayed
[09-06-2024 16:01:34.494 INFO commons.BaseTest] - Step 07 - Verify Password textbox is Displayed
[09-06-2024 16:01:34.512 INFO commons.BaseTest] - Step 01 - Clear data Email textbox with value
[09-06-2024 16:01:37.548 INFO commons.BaseTest] - Step 02 - Verify Confirm email textbox is Displayed
[09-06-2024 16:02:00.923 INFO commons.BaseTest] - Step 01 - Click to Already have an account link
[09-06-2024 16:04:11.197 INFO commons.BaseTest] - Step 01 - Click to Create new account button
[09-06-2024 16:04:11.467 INFO commons.BaseTest] - Step 02 - Verify FirstName textbox is Displayed
[09-06-2024 16:04:11.907 INFO commons.BaseTest] - Step 03 - Verify Surname textbox is Displayed
[09-06-2024 16:04:11.928 INFO commons.BaseTest] - Step 04 - Verify Email textbox is Displayed
[09-06-2024 16:04:11.951 INFO commons.BaseTest] - Step 05 - Enter Email textbox with valueautomation504@gmail.com
[09-06-2024 16:04:11.988 INFO commons.BaseTest] - Step 06 - Verify Confirm email textbox is Displayed
[09-06-2024 16:04:12.008 INFO commons.BaseTest] - Step 07 - Verify Password textbox is Displayed
[09-06-2024 16:04:12.029 INFO commons.BaseTest] - Step 01 - Clear data Email textbox with value
[09-06-2024 16:04:15.064 INFO commons.BaseTest] - Step 02 - Verify Confirm email textbox is Displayed
[09-06-2024 16:04:15.104 INFO commons.BaseTest] - Step 01 - Click to Already have an account link
[09-06-2024 16:06:19.002 INFO commons.BaseTest] - Step 01 - Click to Create new account button
[09-06-2024 16:06:19.263 INFO commons.BaseTest] - Step 02 - Verify FirstName textbox is Displayed
[09-06-2024 16:06:19.658 INFO commons.BaseTest] - Step 03 - Verify Surname textbox is Displayed
[09-06-2024 16:06:19.676 INFO commons.BaseTest] - Step 04 - Verify Email textbox is Displayed
[09-06-2024 16:06:19.697 INFO commons.BaseTest] - Step 05 - Enter Email textbox with valueautomation9995@gmail.com
[09-06-2024 16:06:19.736 INFO commons.BaseTest] - Step 06 - Verify Confirm email textbox is Displayed
[09-06-2024 16:06:19.758 INFO commons.BaseTest] - Step 07 - Verify Password textbox is Displayed
[09-06-2024 16:06:19.778 INFO commons.BaseTest] - Step 01 - Clear data Email textbox with value
[09-06-2024 16:06:22.822 INFO commons.BaseTest] - Step 02 - Verify Confirm email textbox is Displayed
[09-06-2024 16:06:22.856 INFO commons.BaseTest] - Step 01 - Open Home Page
[09-06-2024 16:06:26.335 INFO commons.BaseTest] - Step 02 - Verify FirstName textbox is Undisplayed
[09-06-2024 16:06:51.413 INFO commons.BaseTest] - Step 03 - Verify Surname textbox is Undisplayed
[09-06-2024 16:07:16.447 INFO commons.BaseTest] - Step 04 - Verify Email textbox is Undisplayed
[09-06-2024 16:07:41.492 INFO commons.BaseTest] - Step 05 - Verify Confirm email textbox is Undisplayed
[09-06-2024 16:08:06.529 INFO commons.BaseTest] - Step 06 - Verify Password textbox is Undisplayed
[09-06-2024 16:09:07.494 INFO commons.BaseTest] - Step 01 - Click to Create new account button
[09-06-2024 16:09:08.326 INFO commons.BaseTest] - Step 02 - Verify FirstName textbox is Displayed
[09-06-2024 16:09:08.351 INFO commons.BaseTest] - Step 03 - Verify Surname textbox is Displayed
[09-06-2024 16:09:08.370 INFO commons.BaseTest] - Step 04 - Verify Email textbox is Displayed
[09-06-2024 16:09:08.388 INFO commons.BaseTest] - Step 05 - Enter Email textbox with valueautomation4768@gmail.com
[09-06-2024 16:09:08.443 INFO commons.BaseTest] - Step 06 - Verify Confirm email textbox is Displayed
[09-06-2024 16:09:08.463 INFO commons.BaseTest] - Step 07 - Verify Password textbox is Displayed
[09-06-2024 16:09:08.482 INFO commons.BaseTest] - Step 01 - Clear data Email textbox with value
[09-06-2024 16:09:11.524 INFO commons.BaseTest] - Step 02 - Verify Confirm email textbox is Displayed
[09-06-2024 16:09:11.545 INFO commons.BaseTest] - Step 01 - Open Home Page
[09-06-2024 16:09:15.131 INFO commons.BaseTest] - Step 02 - Verify FirstName textbox is Undisplayed
[09-06-2024 16:09:20.163 INFO commons.BaseTest] - Step 03 - Verify Surname textbox is Undisplayed
[09-06-2024 16:09:25.194 INFO commons.BaseTest] - Step 04 - Verify Email textbox is Undisplayed
[09-06-2024 16:09:30.222 INFO commons.BaseTest] - Step 05 - Verify Confirm email textbox is Undisplayed
[09-06-2024 16:09:35.244 INFO commons.BaseTest] - Step 06 - Verify Password textbox is Undisplayed
